<?xml version="1.0" encoding="UTF-8"?>
<!-- Generated by org.testng.reporters.JUnitReportReporter -->
<testsuite hostname="LAPTOP-ENIQC0UT" failures="0" tests="1" name="api_demos_debug.MiscellaneousActivity.TextCopyPasteTest" time="7.193" errors="0" timestamp="2023-06-11T20:15:56 IST" skipped="0">
  <testcase classname="api_demos_debug.MiscellaneousActivity.TextCopyPasteTest" name="textCopyPasteTest" time="7.193"/>
  <system-out/>
</testsuite> <!-- api_demos_debug.MiscellaneousActivity.TextCopyPasteTest -->
