<?xml version="1.0" encoding="UTF-8"?>
<!-- Generated by org.testng.reporters.JUnitReportReporter -->
<testsuite hostname="LAPTOP-ENIQC0UT" failures="0" tests="1" name="appium_setup_practice.AppiumDriverSetup" time="7.428" errors="0" timestamp="9 Jun 2023 11:20:17 GMT">
  <testcase classname="appium_setup_practice.AppiumDriverSetup" name="driverSetupTest" time="7.428"/>
</testsuite> <!-- appium_setup_practice.AppiumDriverSetup -->
