<?xml version="1.0" encoding="UTF-8"?>
<!-- Generated by org.testng.reporters.JUnitReportReporter -->
<testsuite hostname="LAPTOP-ENIQC0UT" failures="0" tests="1" name="api_demos_debug.Gestures.DragAndDropTest" time="4.104" errors="0" timestamp="2023-06-11T19:52:06 IST" skipped="0">
  <testcase classname="api_demos_debug.Gestures.DragAndDropTest" name="drangAndDropTest" time="4.104"/>
  <system-out/>
</testsuite> <!-- api_demos_debug.Gestures.DragAndDropTest -->
