<?xml version="1.0" encoding="UTF-8"?>
<!-- Generated by org.testng.reporters.JUnitReportReporter -->
<testsuite hostname="LAPTOP-ENIQC0UT" failures="0" tests="1" name="api_demos_debug.MiscellaneousActivity.KeyEventsTest" time="9.400" errors="0" timestamp="2023-06-11T20:21:41 IST" skipped="0">
  <testcase classname="api_demos_debug.MiscellaneousActivity.KeyEventsTest" name="keyEventsTest" time="9.400"/>
  <system-out/>
</testsuite> <!-- api_demos_debug.MiscellaneousActivity.KeyEventsTest -->
