<?xml version="1.0" encoding="UTF-8"?>
<!-- Generated by org.testng.reporters.JUnitReportReporter -->
<testsuite hostname="LAPTOP-ENIQC0UT" failures="0" tests="1" name="api_demos_debug.MiscellaneousActivity.DeviceOrientationTest" time="7.744" errors="0" timestamp="2023-06-11T20:09:47 IST" skipped="0">
  <testcase classname="api_demos_debug.MiscellaneousActivity.DeviceOrientationTest" name="deviceOrientationTest" time="7.744"/>
  <system-out/>
</testsuite> <!-- api_demos_debug.MiscellaneousActivity.DeviceOrientationTest -->
