<?xml version="1.0" encoding="UTF-8"?>
<!-- Generated by org.testng.reporters.JUnitReportReporter -->
<testsuite hostname="LAPTOP-ENIQC0UT" failures="0" tests="1" name="api_demos_debug.WiFi.WiFiSettingNameTest" time="5.059" errors="0" timestamp="2023-06-11T16:08:39 IST" skipped="0">
  <testcase classname="api_demos_debug.WiFi.WiFiSettingNameTest" name="wifiSettingNameTest" time="5.059"/>
  <system-out/>
</testsuite> <!-- api_demos_debug.WiFi.WiFiSettingNameTest -->
